The system is: Darwin - 19.0.0 - x86_64
Compiling the CXX compiler identification source file "CMakeCXXCompilerId.cpp" succeeded.
Compiler: /usr/local/bin/iceclang++ 
Build flags: -fcolor-diagnostics
Id flags:  

The output was:
0


Compilation of the CXX compiler identification source "CMakeCXXCompilerId.cpp" produced "a.out"

The CXX compiler identification is Clang, found in "/Users/timoesterreich/projects/spike-beast/build/CMakeFiles/3.15.3/CompilerIdCXX/a.out"

Determining if the CXX compiler works passed with the following output:
Change Dir: /Users/timoesterreich/projects/spike-beast/build/CMakeFiles/CMakeTmp

Run Build Command(s):/usr/local/bin/ninja cmTC_ef9d6 && [1/2] Building CXX object CMakeFiles/cmTC_ef9d6.dir/testCXXCompiler.cxx.o
[2/2] Linking CXX executable cmTC_ef9d6



Detecting CXX compiler ABI info compiled with the following output:
Change Dir: /Users/timoesterreich/projects/spike-beast/build/CMakeFiles/CMakeTmp

Run Build Command(s):/usr/local/bin/ninja cmTC_5c283 && [1/2] Building CXX object CMakeFiles/cmTC_5c283.dir/CMakeCXXCompilerABI.cpp.o
clang version 8.0.1 (tags/RELEASE_801/final)
Target: x86_64-apple-darwin19.0.0
Thread model: posix
InstalledDir: /usr/local/opt/llvm@8/bin
clang-8: warning: -Wl,-v: 'linker' input unused [-Wunused-command-line-argument]
 "/usr/local/Cellar/llvm@8/8.0.1/bin/clang-8" -cc1 -triple x86_64-apple-macosx10.15.0 -Wdeprecated-objc-isa-usage -Werror=deprecated-objc-isa-usage -E -disable-free -disable-llvm-verifier -discard-value-names -main-file-name CMakeCXXCompilerABI.cpp -mrelocation-model pic -pic-level 2 -mthread-model posix -mdisable-fp-elim -masm-verbose -munwind-tables -target-sdk-version=10.15 -target-cpu penryn -dwarf-column-info -debugger-tuning=lldb -ggnu-pubnames -target-linker-version 512.4 -v -resource-dir /usr/local/Cellar/llvm@8/8.0.1/lib/clang/8.0.1 -isysroot /Library/Developer/CommandLineTools/SDKs/MacOSX.sdk -stdlib=libc++ -internal-isystem /usr/local/opt/llvm@8/bin/../include/c++/v1 -fdeprecated-macro -fdebug-compilation-dir /Users/timoesterreich/projects/pplx_example/build/CMakeFiles/CMakeTmp -ferror-limit 19 -fmessage-length 0 -stack-protector 1 -fblocks -fencode-extended-block-signature -fregister-global-dtors-with-atexit -fobjc-runtime=macosx-10.15.0 -fcxx-exceptions -fexceptions -fmax-type-align=16 -fdiagnostics-show-option -fcolor-diagnostics -o - -x c++ /usr/local/Cellar/cmake/3.15.3/share/cmake/Modules/CMakeCXXCompilerABI.cpp
clang -cc1 version 8.0.1 based upon LLVM 8.0.1 default target x86_64-apple-darwin19.0.0
ignoring nonexistent directory "/Library/Developer/CommandLineTools/SDKs/MacOSX.sdk/usr/include/c++/v1"
ignoring nonexistent directory "/Library/Developer/CommandLineTools/SDKs/MacOSX.sdk/usr/local/include"
ignoring nonexistent directory "/Library/Developer/CommandLineTools/SDKs/MacOSX.sdk/Library/Frameworks"
#include "..." search starts here:
#include <...> search starts here:
 /usr/local/opt/llvm@8/bin/../include/c++/v1
 /usr/local/Cellar/llvm@8/8.0.1/lib/clang/8.0.1/include
 /Library/Developer/CommandLineTools/SDKs/MacOSX.sdk/usr/include
 /Library/Developer/CommandLineTools/SDKs/MacOSX.sdk/System/Library/Frameworks (framework directory)
End of search list.
clang version 8.0.0 (tags/RELEASE_800/final)
Target: x86_64-apple-darwin19.0.0
Thread model: posix
InstalledDir: /usr/bin
clang: warning: -Wl,-v: 'linker' input unused [-Wunused-command-line-argument]
 "/usr/bin/clang" -cc1 -triple x86_64-apple-macosx10.15.0 -Wdeprecated-objc-isa-usage -Werror=deprecated-objc-isa-usage -emit-obj -mrelax-all -disable-free -disable-llvm-verifier -discard-value-names -main-file-name - -mrelocation-model pic -pic-level 2 -mthread-model posix -mdisable-fp-elim -masm-verbose -munwind-tables -target-cpu penryn -dwarf-column-info -debugger-tuning=lldb -ggnu-pubnames -target-linker-version 305 -v -coverage-notes-file /tmp/icecc-115192_cf3e0d4e.gcno -resource-dir /usr/lib/clang/8.0.0 -isysroot /Library/Developer/CommandLineTools/SDKs/MacOSX.sdk/ -stdlib=libc++ -internal-isystem /usr/bin/../include/c++/v1 -fdeprecated-macro -fdebug-compilation-dir /tmp -ferror-limit 19 -fmessage-length 0 -stack-protector 1 -fblocks -fencode-extended-block-signature -fregister-global-dtors-with-atexit -fobjc-runtime=macosx-10.15.0 -fcxx-exceptions -fexceptions -fmax-type-align=16 -fdiagnostics-show-option -fcolor-diagnostics -main-file-name /usr/local/Cellar/cmake/3.15.3/share/cmake/Modules/CMakeCXXCompilerABI.cpp -fdebug-compilation-dir /Users/timoesterreich/projects/pplx_example/build/CMakeFiles/CMakeTmp -o icecc-115192_cf3e0d4e.o -x c++ -
clang -cc1 version 8.0.0 based upon LLVM 8.0.0 default target x86_64-apple-darwin18.6.0
ignoring nonexistent directory "/usr/bin/../include/c++/v1"
ignoring nonexistent directory "/Library/Developer/CommandLineTools/SDKs/MacOSX.sdk//usr/include/c++/v1"
ignoring nonexistent directory "/Library/Developer/CommandLineTools/SDKs/MacOSX.sdk//usr/local/include"
ignoring nonexistent directory "/Library/Developer/CommandLineTools/SDKs/MacOSX.sdk//usr/include"
ignoring nonexistent directory "/Library/Developer/CommandLineTools/SDKs/MacOSX.sdk//System/Library/Frameworks"
ignoring nonexistent directory "/Library/Developer/CommandLineTools/SDKs/MacOSX.sdk//Library/Frameworks"
#include "..." search starts here:
#include <...> search starts here:
 /usr/lib/clang/8.0.0/include
End of search list.
[2/2] Linking CXX executable cmTC_5c283
clang version 8.0.1 (tags/RELEASE_801/final)
Target: x86_64-apple-darwin19.0.0
Thread model: posix
InstalledDir: /usr/local/opt/llvm@8/bin
 "/usr/bin/ld" -demangle -lto_library /usr/local/Cellar/llvm@8/8.0.1/lib/libLTO.dylib -dynamic -arch x86_64 -macosx_version_min 10.15.0 -syslibroot /Library/Developer/CommandLineTools/SDKs/MacOSX.sdk/ -o cmTC_5c283 -L/usr/local/opt/llvm@8/lib -search_paths_first -headerpad_max_install_names -rpath /usr/local/opt/llvm@8/lib -lc++ -v CMakeFiles/cmTC_5c283.dir/CMakeCXXCompilerABI.cpp.o -lc++ -lSystem /usr/local/Cellar/llvm@8/8.0.1/lib/clang/8.0.1/lib/darwin/libclang_rt.osx.a
@(#)PROGRAM:ld  PROJECT:ld64-512.4
BUILD 05:06:53 Aug 16 2019
configured to support archs: armv6 armv7 armv7s arm64 arm64e arm64_32 i386 x86_64 x86_64h armv6m armv7k armv7m armv7em
Library search paths:
	/usr/local/opt/llvm@8/lib
	/Library/Developer/CommandLineTools/SDKs/MacOSX.sdk/usr/lib
Framework search paths:
	/Library/Developer/CommandLineTools/SDKs/MacOSX.sdk/System/Library/Frameworks/



Parsed CXX implicit include dir info from above output: rv=done
  found start of include info
  found start of implicit include info
    add: [/usr/local/opt/llvm@8/bin/../include/c++/v1]
    add: [/usr/local/Cellar/llvm@8/8.0.1/lib/clang/8.0.1/include]
    add: [/Library/Developer/CommandLineTools/SDKs/MacOSX.sdk/usr/include]
  end of search list found
  collapse include dir [/usr/local/opt/llvm@8/bin/../include/c++/v1] ==> [/usr/local/opt/llvm@8/include/c++/v1]
  collapse include dir [/usr/local/Cellar/llvm@8/8.0.1/lib/clang/8.0.1/include] ==> [/usr/local/Cellar/llvm@8/8.0.1/lib/clang/8.0.1/include]
  collapse include dir [/Library/Developer/CommandLineTools/SDKs/MacOSX.sdk/usr/include] ==> [/Library/Developer/CommandLineTools/SDKs/MacOSX.sdk/usr/include]
  implicit include dirs: [/usr/local/opt/llvm@8/include/c++/v1;/usr/local/Cellar/llvm@8/8.0.1/lib/clang/8.0.1/include;/Library/Developer/CommandLineTools/SDKs/MacOSX.sdk/usr/include]


Parsed CXX implicit link information from above output:
  link line regex: [^( *|.*[/\])(ld|CMAKE_LINK_STARTFILE-NOTFOUND|([^/\]+-)?ld|collect2)[^/\]*( |$)]
  ignore line: [Change Dir: /Users/timoesterreich/projects/spike-beast/build/CMakeFiles/CMakeTmp]
  ignore line: []
  ignore line: [Run Build Command(s):/usr/local/bin/ninja cmTC_5c283 && [1/2] Building CXX object CMakeFiles/cmTC_5c283.dir/CMakeCXXCompilerABI.cpp.o]
  ignore line: [clang version 8.0.1 (tags/RELEASE_801/final)]
  ignore line: [Target: x86_64-apple-darwin19.0.0]
  ignore line: [Thread model: posix]
  ignore line: [InstalledDir: /usr/local/opt/llvm@8/bin]
  ignore line: [clang-8: warning: -Wl,-v: 'linker' input unused [-Wunused-command-line-argument]]
  ignore line: [ "/usr/local/Cellar/llvm@8/8.0.1/bin/clang-8" -cc1 -triple x86_64-apple-macosx10.15.0 -Wdeprecated-objc-isa-usage -Werror=deprecated-objc-isa-usage -E -disable-free -disable-llvm-verifier -discard-value-names -main-file-name CMakeCXXCompilerABI.cpp -mrelocation-model pic -pic-level 2 -mthread-model posix -mdisable-fp-elim -masm-verbose -munwind-tables -target-sdk-version=10.15 -target-cpu penryn -dwarf-column-info -debugger-tuning=lldb -ggnu-pubnames -target-linker-version 512.4 -v -resource-dir /usr/local/Cellar/llvm@8/8.0.1/lib/clang/8.0.1 -isysroot /Library/Developer/CommandLineTools/SDKs/MacOSX.sdk -stdlib=libc++ -internal-isystem /usr/local/opt/llvm@8/bin/../include/c++/v1 -fdeprecated-macro -fdebug-compilation-dir /Users/timoesterreich/projects/pplx_example/build/CMakeFiles/CMakeTmp -ferror-limit 19 -fmessage-length 0 -stack-protector 1 -fblocks -fencode-extended-block-signature -fregister-global-dtors-with-atexit -fobjc-runtime=macosx-10.15.0 -fcxx-exceptions -fexceptions -fmax-type-align=16 -fdiagnostics-show-option -fcolor-diagnostics -o - -x c++ /usr/local/Cellar/cmake/3.15.3/share/cmake/Modules/CMakeCXXCompilerABI.cpp]
  ignore line: [clang -cc1 version 8.0.1 based upon LLVM 8.0.1 default target x86_64-apple-darwin19.0.0]
  ignore line: [ignoring nonexistent directory "/Library/Developer/CommandLineTools/SDKs/MacOSX.sdk/usr/include/c++/v1"]
  ignore line: [ignoring nonexistent directory "/Library/Developer/CommandLineTools/SDKs/MacOSX.sdk/usr/local/include"]
  ignore line: [ignoring nonexistent directory "/Library/Developer/CommandLineTools/SDKs/MacOSX.sdk/Library/Frameworks"]
  ignore line: [#include "..." search starts here:]
  ignore line: [#include <...> search starts here:]
  ignore line: [ /usr/local/opt/llvm@8/bin/../include/c++/v1]
  ignore line: [ /usr/local/Cellar/llvm@8/8.0.1/lib/clang/8.0.1/include]
  ignore line: [ /Library/Developer/CommandLineTools/SDKs/MacOSX.sdk/usr/include]
  ignore line: [ /Library/Developer/CommandLineTools/SDKs/MacOSX.sdk/System/Library/Frameworks (framework directory)]
  ignore line: [End of search list.]
  ignore line: [clang version 8.0.0 (tags/RELEASE_800/final)]
  ignore line: [Target: x86_64-apple-darwin19.0.0]
  ignore line: [Thread model: posix]
  ignore line: [InstalledDir: /usr/bin]
  ignore line: [clang: warning: -Wl,-v: 'linker' input unused [-Wunused-command-line-argument]]
  ignore line: [ "/usr/bin/clang" -cc1 -triple x86_64-apple-macosx10.15.0 -Wdeprecated-objc-isa-usage -Werror=deprecated-objc-isa-usage -emit-obj -mrelax-all -disable-free -disable-llvm-verifier -discard-value-names -main-file-name - -mrelocation-model pic -pic-level 2 -mthread-model posix -mdisable-fp-elim -masm-verbose -munwind-tables -target-cpu penryn -dwarf-column-info -debugger-tuning=lldb -ggnu-pubnames -target-linker-version 305 -v -coverage-notes-file /tmp/icecc-115192_cf3e0d4e.gcno -resource-dir /usr/lib/clang/8.0.0 -isysroot /Library/Developer/CommandLineTools/SDKs/MacOSX.sdk/ -stdlib=libc++ -internal-isystem /usr/bin/../include/c++/v1 -fdeprecated-macro -fdebug-compilation-dir /tmp -ferror-limit 19 -fmessage-length 0 -stack-protector 1 -fblocks -fencode-extended-block-signature -fregister-global-dtors-with-atexit -fobjc-runtime=macosx-10.15.0 -fcxx-exceptions -fexceptions -fmax-type-align=16 -fdiagnostics-show-option -fcolor-diagnostics -main-file-name /usr/local/Cellar/cmake/3.15.3/share/cmake/Modules/CMakeCXXCompilerABI.cpp -fdebug-compilation-dir /Users/timoesterreich/projects/pplx_example/build/CMakeFiles/CMakeTmp -o icecc-115192_cf3e0d4e.o -x c++ -]
  ignore line: [clang -cc1 version 8.0.0 based upon LLVM 8.0.0 default target x86_64-apple-darwin18.6.0]
  ignore line: [ignoring nonexistent directory "/usr/bin/../include/c++/v1"]
  ignore line: [ignoring nonexistent directory "/Library/Developer/CommandLineTools/SDKs/MacOSX.sdk//usr/include/c++/v1"]
  ignore line: [ignoring nonexistent directory "/Library/Developer/CommandLineTools/SDKs/MacOSX.sdk//usr/local/include"]
  ignore line: [ignoring nonexistent directory "/Library/Developer/CommandLineTools/SDKs/MacOSX.sdk//usr/include"]
  ignore line: [ignoring nonexistent directory "/Library/Developer/CommandLineTools/SDKs/MacOSX.sdk//System/Library/Frameworks"]
  ignore line: [ignoring nonexistent directory "/Library/Developer/CommandLineTools/SDKs/MacOSX.sdk//Library/Frameworks"]
  ignore line: [#include "..." search starts here:]
  ignore line: [#include <...> search starts here:]
  ignore line: [ /usr/lib/clang/8.0.0/include]
  ignore line: [End of search list.]
  ignore line: [[2/2] Linking CXX executable cmTC_5c283]
  ignore line: [clang version 8.0.1 (tags/RELEASE_801/final)]
  ignore line: [Target: x86_64-apple-darwin19.0.0]
  ignore line: [Thread model: posix]
  ignore line: [InstalledDir: /usr/local/opt/llvm@8/bin]
  link line: [ "/usr/bin/ld" -demangle -lto_library /usr/local/Cellar/llvm@8/8.0.1/lib/libLTO.dylib -dynamic -arch x86_64 -macosx_version_min 10.15.0 -syslibroot /Library/Developer/CommandLineTools/SDKs/MacOSX.sdk/ -o cmTC_5c283 -L/usr/local/opt/llvm@8/lib -search_paths_first -headerpad_max_install_names -rpath /usr/local/opt/llvm@8/lib -lc++ -v CMakeFiles/cmTC_5c283.dir/CMakeCXXCompilerABI.cpp.o -lc++ -lSystem /usr/local/Cellar/llvm@8/8.0.1/lib/clang/8.0.1/lib/darwin/libclang_rt.osx.a]
    arg [/usr/bin/ld] ==> ignore
    arg [-demangle] ==> ignore
    arg [-lto_library] ==> ignore, skip following value
    arg [/usr/local/Cellar/llvm@8/8.0.1/lib/libLTO.dylib] ==> skip value of -lto_library
    arg [-dynamic] ==> ignore
    arg [-arch] ==> ignore
    arg [x86_64] ==> ignore
    arg [-macosx_version_min] ==> ignore
    arg [10.15.0] ==> ignore
    arg [-syslibroot] ==> ignore
    arg [/Library/Developer/CommandLineTools/SDKs/MacOSX.sdk/] ==> ignore
    arg [-o] ==> ignore
    arg [cmTC_5c283] ==> ignore
    arg [-L/usr/local/opt/llvm@8/lib] ==> dir [/usr/local/opt/llvm@8/lib]
    arg [-search_paths_first] ==> ignore
    arg [-headerpad_max_install_names] ==> ignore
    arg [-rpath] ==> ignore
    arg [/usr/local/opt/llvm@8/lib] ==> ignore
    arg [-lc++] ==> lib [c++]
    arg [-v] ==> ignore
    arg [CMakeFiles/cmTC_5c283.dir/CMakeCXXCompilerABI.cpp.o] ==> ignore
    arg [-lc++] ==> lib [c++]
    arg [-lSystem] ==> lib [System]
    arg [/usr/local/Cellar/llvm@8/8.0.1/lib/clang/8.0.1/lib/darwin/libclang_rt.osx.a] ==> lib [/usr/local/Cellar/llvm@8/8.0.1/lib/clang/8.0.1/lib/darwin/libclang_rt.osx.a]
  Library search paths: [;/usr/local/opt/llvm@8/lib;/Library/Developer/CommandLineTools/SDKs/MacOSX.sdk/usr/lib]
  Framework search paths: [;/Library/Developer/CommandLineTools/SDKs/MacOSX.sdk/System/Library/Frameworks/]
  remove lib [System]
  remove lib [/usr/local/Cellar/llvm@8/8.0.1/lib/clang/8.0.1/lib/darwin/libclang_rt.osx.a]
  collapse library dir [/usr/local/opt/llvm@8/lib] ==> [/usr/local/opt/llvm@8/lib]
  collapse library dir [/usr/local/opt/llvm@8/lib] ==> [/usr/local/opt/llvm@8/lib]
  collapse library dir [/Library/Developer/CommandLineTools/SDKs/MacOSX.sdk/usr/lib] ==> [/Library/Developer/CommandLineTools/SDKs/MacOSX.sdk/usr/lib]
  collapse framework dir [/Library/Developer/CommandLineTools/SDKs/MacOSX.sdk/System/Library/Frameworks/] ==> [/Library/Developer/CommandLineTools/SDKs/MacOSX.sdk/System/Library/Frameworks]
  implicit libs: [c++;c++]
  implicit dirs: [/usr/local/opt/llvm@8/lib;/Library/Developer/CommandLineTools/SDKs/MacOSX.sdk/usr/lib]
  implicit fwks: [/Library/Developer/CommandLineTools/SDKs/MacOSX.sdk/System/Library/Frameworks]


